{"C:\\Users\\ssalva\\OneDrive - Automatic Data Processing Inc\\Desktop\\phase-1-react-project\\react-project\\eslint.config.js": {"path":"C:\\Users\\ssalva\\OneDrive - Automatic Data Processing Inc\\Desktop\\phase-1-react-project\\react-project\\eslint.config.js","all":true,"statementMap":{"0":{"start":{"line":1,"column":0},"end":{"line":1,"column":27}},"1":{"start":{"line":2,"column":0},"end":{"line":2,"column":29}},"2":{"start":{"line":3,"column":0},"end":{"line":3,"column":50}},"3":{"start":{"line":4,"column":0},"end":{"line":4,"column":54}},"4":{"start":{"line":5,"column":0},"end":{"line":5,"column":40}},"5":{"start":{"line":6,"column":0},"end":{"line":6,"column":59}},"6":{"start":{"line":7,"column":0},"end":{"line":7,"column":0}},"7":{"start":{"line":8,"column":0},"end":{"line":8,"column":29}},"8":{"start":{"line":9,"column":0},"end":{"line":9,"column":26}},"9":{"start":{"line":10,"column":0},"end":{"line":10,"column":3}},"10":{"start":{"line":11,"column":0},"end":{"line":11,"column":29}},"11":{"start":{"line":12,"column":0},"end":{"line":12,"column":14}},"12":{"start":{"line":13,"column":0},"end":{"line":13,"column":29}},"13":{"start":{"line":14,"column":0},"end":{"line":14,"column":35}},"14":{"start":{"line":15,"column":0},"end":{"line":15,"column":47}},"15":{"start":{"line":16,"column":0},"end":{"line":16,"column":32}},"16":{"start":{"line":17,"column":0},"end":{"line":17,"column":6}},"17":{"start":{"line":18,"column":0},"end":{"line":18,"column":22}},"18":{"start":{"line":19,"column":0},"end":{"line":19,"column":24}},"19":{"start":{"line":20,"column":0},"end":{"line":20,"column":31}},"20":{"start":{"line":21,"column":0},"end":{"line":21,"column":6}},"21":{"start":{"line":22,"column":0},"end":{"line":22,"column":4}},"22":{"start":{"line":23,"column":0},"end":{"line":23,"column":2}}},"s":{"0":0,"1":0,"2":0,"3":0,"4":0,"5":0,"6":0,"7":0,"8":0,"9":0,"10":0,"11":0,"12":0,"13":0,"14":0,"15":0,"16":0,"17":0,"18":0,"19":0,"20":0,"21":0,"22":0},"branchMap":{"0":{"type":"branch","line":1,"loc":{"start":{"line":1,"column":0},"end":{"line":23,"column":2}},"locations":[{"start":{"line":1,"column":0},"end":{"line":23,"column":2}}]}},"b":{"0":[0]},"fnMap":{"0":{"name":"(empty-report)","decl":{"start":{"line":1,"column":0},"end":{"line":23,"column":2}},"loc":{"start":{"line":1,"column":0},"end":{"line":23,"column":2}},"line":1}},"f":{"0":0}}
,"C:\\Users\\ssalva\\OneDrive - Automatic Data Processing Inc\\Desktop\\phase-1-react-project\\react-project\\src\\App.tsx": {"path":"C:\\Users\\ssalva\\OneDrive - Automatic Data Processing Inc\\Desktop\\phase-1-react-project\\react-project\\src\\App.tsx","all":false,"statementMap":{"0":{"start":{"line":1,"column":0},"end":{"line":1,"column":82}},"1":{"start":{"line":2,"column":0},"end":{"line":2,"column":33}},"2":{"start":{"line":3,"column":0},"end":{"line":3,"column":19}},"3":{"start":{"line":4,"column":0},"end":{"line":4,"column":61}},"4":{"start":{"line":5,"column":0},"end":{"line":5,"column":51}},"5":{"start":{"line":6,"column":0},"end":{"line":6,"column":57}},"6":{"start":{"line":7,"column":0},"end":{"line":7,"column":57}},"8":{"start":{"line":9,"column":0},"end":{"line":9,"column":16}},"9":{"start":{"line":10,"column":0},"end":{"line":10,"column":46}},"10":{"start":{"line":11,"column":0},"end":{"line":11,"column":88}},"11":{"start":{"line":12,"column":0},"end":{"line":12,"column":90}},"12":{"start":{"line":13,"column":0},"end":{"line":13,"column":93}},"13":{"start":{"line":14,"column":0},"end":{"line":14,"column":7}},"15":{"start":{"line":16,"column":0},"end":{"line":16,"column":44}},"16":{"start":{"line":17,"column":0},"end":{"line":17,"column":49}},"17":{"start":{"line":18,"column":0},"end":{"line":18,"column":4}},"19":{"start":{"line":20,"column":0},"end":{"line":20,"column":51}},"20":{"start":{"line":21,"column":0},"end":{"line":21,"column":24}},"21":{"start":{"line":22,"column":0},"end":{"line":22,"column":70}},"22":{"start":{"line":23,"column":0},"end":{"line":23,"column":6}},"23":{"start":{"line":24,"column":0},"end":{"line":24,"column":4}},"25":{"start":{"line":26,"column":0},"end":{"line":26,"column":41}},"26":{"start":{"line":27,"column":0},"end":{"line":27,"column":56}},"27":{"start":{"line":28,"column":0},"end":{"line":28,"column":4}},"29":{"start":{"line":30,"column":0},"end":{"line":30,"column":31}},"30":{"start":{"line":31,"column":0},"end":{"line":31,"column":86}},"31":{"start":{"line":32,"column":0},"end":{"line":32,"column":3}},"33":{"start":{"line":34,"column":0},"end":{"line":34,"column":10}},"34":{"start":{"line":35,"column":0},"end":{"line":35,"column":12}},"35":{"start":{"line":36,"column":0},"end":{"line":36,"column":27}},"36":{"start":{"line":37,"column":0},"end":{"line":37,"column":16}},"37":{"start":{"line":38,"column":0},"end":{"line":38,"column":97}},"38":{"start":{"line":39,"column":0},"end":{"line":39,"column":117}},"39":{"start":{"line":40,"column":0},"end":{"line":40,"column":129}},"40":{"start":{"line":41,"column":0},"end":{"line":41,"column":130}},"41":{"start":{"line":42,"column":0},"end":{"line":42,"column":17}},"42":{"start":{"line":43,"column":0},"end":{"line":43,"column":12}},"43":{"start":{"line":44,"column":0},"end":{"line":44,"column":13}},"45":{"start":{"line":46,"column":0},"end":{"line":46,"column":1}},"47":{"start":{"line":48,"column":0},"end":{"line":48,"column":18}}},"s":{"0":1,"1":1,"2":1,"3":1,"4":1,"5":1,"6":1,"8":1,"9":1,"10":1,"11":1,"12":1,"13":1,"15":1,"16":0,"17":0,"19":1,"20":0,"21":0,"22":0,"23":0,"25":1,"26":0,"27":0,"29":1,"30":1,"31":1,"33":1,"34":1,"35":1,"36":1,"37":1,"38":1,"39":1,"40":1,"41":1,"42":1,"43":1,"45":1,"47":1},"branchMap":{"0":{"type":"branch","line":9,"loc":{"start":{"line":9,"column":0},"end":{"line":46,"column":1}},"locations":[{"start":{"line":9,"column":0},"end":{"line":46,"column":1}}]},"1":{"type":"branch","line":30,"loc":{"start":{"line":30,"column":24},"end":{"line":32,"column":3}},"locations":[{"start":{"line":30,"column":24},"end":{"line":32,"column":3}}]},"2":{"type":"branch","line":31,"loc":{"start":{"line":31,"column":28},"end":{"line":31,"column":79}},"locations":[{"start":{"line":31,"column":28},"end":{"line":31,"column":79}}]}},"b":{"0":[1],"1":[1],"2":[3]},"fnMap":{"0":{"name":"App","decl":{"start":{"line":9,"column":0},"end":{"line":46,"column":1}},"loc":{"start":{"line":9,"column":0},"end":{"line":46,"column":1}},"line":9},"1":{"name":"addCustomer","decl":{"start":{"line":16,"column":22},"end":{"line":18,"column":4}},"loc":{"start":{"line":16,"column":22},"end":{"line":18,"column":4}},"line":16},"2":{"name":"updateCustomer","decl":{"start":{"line":20,"column":25},"end":{"line":24,"column":4}},"loc":{"start":{"line":20,"column":25},"end":{"line":24,"column":4}},"line":20},"3":{"name":"deleteCustomer","decl":{"start":{"line":26,"column":25},"end":{"line":28,"column":4}},"loc":{"start":{"line":26,"column":25},"end":{"line":28,"column":4}},"line":26},"4":{"name":"findHighestId","decl":{"start":{"line":30,"column":24},"end":{"line":32,"column":3}},"loc":{"start":{"line":30,"column":24},"end":{"line":32,"column":3}},"line":30}},"f":{"0":1,"1":0,"2":0,"3":0,"4":1}}
,"C:\\Users\\ssalva\\OneDrive - Automatic Data Processing Inc\\Desktop\\phase-1-react-project\\react-project\\src\\components\\AddCustomer.tsx": {"path":"C:\\Users\\ssalva\\OneDrive - Automatic Data Processing Inc\\Desktop\\phase-1-react-project\\react-project\\src\\components\\AddCustomer.tsx","all":false,"statementMap":{"0":{"start":{"line":1,"column":0},"end":{"line":1,"column":40}},"1":{"start":{"line":2,"column":0},"end":{"line":2,"column":58}},"2":{"start":{"line":3,"column":0},"end":{"line":3,"column":27}},"4":{"start":{"line":5,"column":0},"end":{"line":5,"column":34}},"5":{"start":{"line":6,"column":0},"end":{"line":6,"column":29}},"6":{"start":{"line":7,"column":0},"end":{"line":7,"column":86}},"7":{"start":{"line":8,"column":0},"end":{"line":8,"column":35}},"8":{"start":{"line":9,"column":0},"end":{"line":9,"column":26}},"9":{"start":{"line":10,"column":0},"end":{"line":10,"column":22}},"10":{"start":{"line":11,"column":0},"end":{"line":11,"column":6}},"11":{"start":{"line":12,"column":0},"end":{"line":12,"column":50}},"12":{"start":{"line":13,"column":0},"end":{"line":13,"column":27}},"14":{"start":{"line":15,"column":0},"end":{"line":15,"column":29}},"15":{"start":{"line":16,"column":0},"end":{"line":16,"column":55}},"16":{"start":{"line":17,"column":0},"end":{"line":17,"column":32}},"17":{"start":{"line":18,"column":0},"end":{"line":18,"column":34}},"18":{"start":{"line":19,"column":0},"end":{"line":19,"column":39}},"19":{"start":{"line":20,"column":0},"end":{"line":20,"column":10}},"20":{"start":{"line":21,"column":0},"end":{"line":21,"column":39}},"21":{"start":{"line":22,"column":0},"end":{"line":22,"column":69}},"22":{"start":{"line":23,"column":0},"end":{"line":23,"column":6}},"23":{"start":{"line":24,"column":0},"end":{"line":24,"column":11}},"24":{"start":{"line":25,"column":0},"end":{"line":25,"column":30}},"25":{"start":{"line":26,"column":0},"end":{"line":26,"column":97}},"26":{"start":{"line":27,"column":0},"end":{"line":27,"column":104}},"27":{"start":{"line":28,"column":0},"end":{"line":28,"column":21}},"37":{"start":{"line":38,"column":0},"end":{"line":38,"column":22}},"38":{"start":{"line":39,"column":0},"end":{"line":39,"column":21}},"39":{"start":{"line":40,"column":0},"end":{"line":40,"column":55}},"40":{"start":{"line":41,"column":0},"end":{"line":41,"column":26}},"41":{"start":{"line":42,"column":0},"end":{"line":42,"column":48}},"42":{"start":{"line":43,"column":0},"end":{"line":43,"column":35}},"43":{"start":{"line":44,"column":0},"end":{"line":44,"column":33}},"44":{"start":{"line":45,"column":0},"end":{"line":45,"column":53}},"45":{"start":{"line":46,"column":0},"end":{"line":46,"column":45}},"46":{"start":{"line":47,"column":0},"end":{"line":47,"column":90}},"47":{"start":{"line":48,"column":0},"end":{"line":48,"column":22}},"48":{"start":{"line":49,"column":0},"end":{"line":49,"column":22}},"49":{"start":{"line":50,"column":0},"end":{"line":50,"column":21}},"51":{"start":{"line":52,"column":0},"end":{"line":52,"column":57}},"52":{"start":{"line":53,"column":0},"end":{"line":53,"column":26}},"53":{"start":{"line":54,"column":0},"end":{"line":54,"column":49}},"54":{"start":{"line":55,"column":0},"end":{"line":55,"column":35}},"55":{"start":{"line":56,"column":0},"end":{"line":56,"column":34}},"56":{"start":{"line":57,"column":0},"end":{"line":57,"column":54}},"57":{"start":{"line":58,"column":0},"end":{"line":58,"column":46}},"58":{"start":{"line":59,"column":0},"end":{"line":59,"column":91}},"59":{"start":{"line":60,"column":0},"end":{"line":60,"column":22}},"60":{"start":{"line":61,"column":0},"end":{"line":61,"column":22}},"61":{"start":{"line":62,"column":0},"end":{"line":62,"column":21}},"62":{"start":{"line":63,"column":0},"end":{"line":63,"column":63}},"63":{"start":{"line":64,"column":0},"end":{"line":64,"column":26}},"64":{"start":{"line":65,"column":0},"end":{"line":65,"column":52}},"65":{"start":{"line":66,"column":0},"end":{"line":66,"column":35}},"66":{"start":{"line":67,"column":0},"end":{"line":67,"column":37}},"67":{"start":{"line":68,"column":0},"end":{"line":68,"column":57}},"68":{"start":{"line":69,"column":0},"end":{"line":69,"column":49}},"69":{"start":{"line":70,"column":0},"end":{"line":70,"column":94}},"70":{"start":{"line":71,"column":0},"end":{"line":71,"column":22}},"71":{"start":{"line":72,"column":0},"end":{"line":72,"column":22}},"73":{"start":{"line":74,"column":0},"end":{"line":74,"column":93}},"74":{"start":{"line":75,"column":0},"end":{"line":75,"column":19}},"75":{"start":{"line":76,"column":0},"end":{"line":76,"column":78}},"76":{"start":{"line":77,"column":0},"end":{"line":77,"column":14}},"78":{"start":{"line":79,"column":0},"end":{"line":79,"column":1}},"80":{"start":{"line":81,"column":0},"end":{"line":81,"column":27}}},"s":{"0":1,"1":1,"2":1,"4":22,"5":22,"6":22,"7":22,"8":22,"9":1,"10":1,"11":22,"12":3,"14":3,"15":3,"16":3,"17":3,"18":3,"19":3,"20":3,"21":3,"22":3,"23":22,"24":22,"25":22,"26":22,"27":22,"37":22,"38":22,"39":22,"40":22,"41":22,"42":22,"43":22,"44":22,"45":22,"46":22,"47":22,"48":22,"49":22,"51":22,"52":22,"53":22,"54":22,"55":22,"56":22,"57":22,"58":22,"59":22,"60":22,"61":22,"62":22,"63":22,"64":22,"65":22,"66":22,"67":22,"68":22,"69":22,"70":22,"71":22,"73":22,"74":22,"75":22,"76":22,"78":22,"80":1},"branchMap":{"0":{"type":"branch","line":5,"loc":{"start":{"line":5,"column":0},"end":{"line":79,"column":1}},"locations":[{"start":{"line":5,"column":0},"end":{"line":79,"column":1}}]},"1":{"type":"branch","line":9,"loc":{"start":{"line":9,"column":19},"end":{"line":11,"column":6}},"locations":[{"start":{"line":9,"column":19},"end":{"line":11,"column":6}}]},"2":{"type":"branch","line":12,"loc":{"start":{"line":12,"column":25},"end":{"line":23,"column":6}},"locations":[{"start":{"line":12,"column":25},"end":{"line":23,"column":6}}]},"3":{"type":"branch","line":47,"loc":{"start":{"line":47,"column":34},"end":{"line":47,"column":90}},"locations":[{"start":{"line":47,"column":34},"end":{"line":47,"column":90}}]},"4":{"type":"branch","line":59,"loc":{"start":{"line":59,"column":34},"end":{"line":59,"column":91}},"locations":[{"start":{"line":59,"column":34},"end":{"line":59,"column":91}}]},"5":{"type":"branch","line":70,"loc":{"start":{"line":70,"column":34},"end":{"line":70,"column":94}},"locations":[{"start":{"line":70,"column":34},"end":{"line":70,"column":94}}]}},"b":{"0":[22],"1":[1],"2":[3],"3":[4],"4":[4],"5":[4]},"fnMap":{"0":{"name":"AddCustomer","decl":{"start":{"line":5,"column":0},"end":{"line":79,"column":1}},"loc":{"start":{"line":5,"column":0},"end":{"line":79,"column":1}},"line":5},"1":{"name":"cancel","decl":{"start":{"line":9,"column":19},"end":{"line":11,"column":6}},"loc":{"start":{"line":9,"column":19},"end":{"line":11,"column":6}},"line":9},"2":{"name":"handleSubmit","decl":{"start":{"line":12,"column":25},"end":{"line":23,"column":6}},"loc":{"start":{"line":12,"column":25},"end":{"line":23,"column":6}},"line":12},"3":{"name":"onChange","decl":{"start":{"line":47,"column":34},"end":{"line":47,"column":90}},"loc":{"start":{"line":47,"column":34},"end":{"line":47,"column":90}},"line":47},"4":{"name":"onChange","decl":{"start":{"line":59,"column":34},"end":{"line":59,"column":91}},"loc":{"start":{"line":59,"column":34},"end":{"line":59,"column":91}},"line":59},"5":{"name":"onChange","decl":{"start":{"line":70,"column":34},"end":{"line":70,"column":94}},"loc":{"start":{"line":70,"column":34},"end":{"line":70,"column":94}},"line":70}},"f":{"0":22,"1":1,"2":3,"3":4,"4":4,"5":4}}
,"C:\\Users\\ssalva\\OneDrive - Automatic Data Processing Inc\\Desktop\\phase-1-react-project\\react-project\\src\\components\\DeleteCustomer.tsx": {"path":"C:\\Users\\ssalva\\OneDrive - Automatic Data Processing Inc\\Desktop\\phase-1-react-project\\react-project\\src\\components\\DeleteCustomer.tsx","all":false,"statementMap":{"0":{"start":{"line":1,"column":0},"end":{"line":1,"column":26}},"1":{"start":{"line":2,"column":0},"end":{"line":2,"column":58}},"3":{"start":{"line":4,"column":0},"end":{"line":4,"column":37}},"4":{"start":{"line":5,"column":0},"end":{"line":5,"column":48}},"5":{"start":{"line":6,"column":0},"end":{"line":6,"column":35}},"6":{"start":{"line":7,"column":0},"end":{"line":7,"column":31}},"8":{"start":{"line":9,"column":0},"end":{"line":9,"column":34}},"9":{"start":{"line":10,"column":0},"end":{"line":10,"column":69}},"11":{"start":{"line":12,"column":0},"end":{"line":12,"column":32}},"12":{"start":{"line":13,"column":0},"end":{"line":13,"column":35}},"13":{"start":{"line":14,"column":0},"end":{"line":14,"column":53}},"14":{"start":{"line":15,"column":0},"end":{"line":15,"column":6}},"16":{"start":{"line":17,"column":0},"end":{"line":17,"column":20}},"17":{"start":{"line":18,"column":0},"end":{"line":18,"column":16}},"18":{"start":{"line":19,"column":0},"end":{"line":19,"column":17}},"19":{"start":{"line":20,"column":0},"end":{"line":20,"column":43}},"20":{"start":{"line":21,"column":0},"end":{"line":21,"column":67}},"21":{"start":{"line":22,"column":0},"end":{"line":22,"column":18}},"23":{"start":{"line":24,"column":0},"end":{"line":24,"column":5}},"25":{"start":{"line":26,"column":0},"end":{"line":26,"column":12}},"26":{"start":{"line":27,"column":0},"end":{"line":27,"column":13}},"27":{"start":{"line":28,"column":0},"end":{"line":28,"column":36}},"28":{"start":{"line":29,"column":0},"end":{"line":29,"column":114}},"29":{"start":{"line":30,"column":0},"end":{"line":30,"column":21}},"30":{"start":{"line":31,"column":0},"end":{"line":31,"column":58}},"31":{"start":{"line":32,"column":0},"end":{"line":32,"column":22}},"32":{"start":{"line":33,"column":0},"end":{"line":33,"column":21}},"33":{"start":{"line":34,"column":0},"end":{"line":34,"column":60}},"34":{"start":{"line":35,"column":0},"end":{"line":35,"column":22}},"35":{"start":{"line":36,"column":0},"end":{"line":36,"column":21}},"36":{"start":{"line":37,"column":0},"end":{"line":37,"column":66}},"37":{"start":{"line":38,"column":0},"end":{"line":38,"column":22}},"38":{"start":{"line":39,"column":0},"end":{"line":39,"column":114}},"40":{"start":{"line":41,"column":0},"end":{"line":41,"column":25}},"41":{"start":{"line":42,"column":0},"end":{"line":42,"column":86}},"43":{"start":{"line":44,"column":0},"end":{"line":44,"column":25}},"44":{"start":{"line":45,"column":0},"end":{"line":45,"column":18}},"45":{"start":{"line":46,"column":0},"end":{"line":46,"column":14}},"47":{"start":{"line":48,"column":0},"end":{"line":48,"column":1}},"49":{"start":{"line":50,"column":0},"end":{"line":50,"column":30}}},"s":{"0":1,"1":1,"3":12,"4":12,"5":12,"6":12,"8":12,"9":12,"11":12,"12":3,"13":3,"14":3,"16":12,"17":5,"18":5,"19":5,"20":5,"21":5,"23":5,"25":7,"26":7,"27":7,"28":7,"29":7,"30":7,"31":7,"32":7,"33":7,"34":7,"35":7,"36":7,"37":7,"38":7,"40":7,"41":7,"43":7,"44":7,"45":7,"47":7,"49":1},"branchMap":{"0":{"type":"branch","line":4,"loc":{"start":{"line":4,"column":0},"end":{"line":48,"column":1}},"locations":[{"start":{"line":4,"column":0},"end":{"line":48,"column":1}}]},"1":{"type":"branch","line":17,"loc":{"start":{"line":17,"column":19},"end":{"line":24,"column":5}},"locations":[{"start":{"line":17,"column":19},"end":{"line":24,"column":5}}]},"2":{"type":"branch","line":24,"loc":{"start":{"line":24,"column":4},"end":{"line":48,"column":1}},"locations":[{"start":{"line":24,"column":4},"end":{"line":48,"column":1}}]},"3":{"type":"branch","line":10,"loc":{"start":{"line":10,"column":36},"end":{"line":10,"column":67}},"locations":[{"start":{"line":10,"column":36},"end":{"line":10,"column":67}}]},"4":{"type":"branch","line":12,"loc":{"start":{"line":12,"column":25},"end":{"line":15,"column":6}},"locations":[{"start":{"line":12,"column":25},"end":{"line":15,"column":6}}]},"5":{"type":"branch","line":21,"loc":{"start":{"line":21,"column":33},"end":{"line":21,"column":54}},"locations":[{"start":{"line":21,"column":33},"end":{"line":21,"column":54}}]},"6":{"type":"branch","line":42,"loc":{"start":{"line":42,"column":33},"end":{"line":42,"column":54}},"locations":[{"start":{"line":42,"column":33},"end":{"line":42,"column":54}}]}},"b":{"0":[12],"1":[5],"2":[7],"3":[21],"4":[3],"5":[1],"6":[1]},"fnMap":{"0":{"name":"DeleteCustomer","decl":{"start":{"line":4,"column":0},"end":{"line":48,"column":1}},"loc":{"start":{"line":4,"column":0},"end":{"line":48,"column":1}},"line":4},"1":{"name":"handleDelete","decl":{"start":{"line":12,"column":25},"end":{"line":15,"column":6}},"loc":{"start":{"line":12,"column":25},"end":{"line":15,"column":6}},"line":12},"2":{"name":"onClick","decl":{"start":{"line":21,"column":33},"end":{"line":21,"column":54}},"loc":{"start":{"line":21,"column":33},"end":{"line":21,"column":54}},"line":21},"3":{"name":"onClick","decl":{"start":{"line":42,"column":33},"end":{"line":42,"column":54}},"loc":{"start":{"line":42,"column":33},"end":{"line":42,"column":54}},"line":42}},"f":{"0":12,"1":3,"2":1,"3":1}}
,"C:\\Users\\ssalva\\OneDrive - Automatic Data Processing Inc\\Desktop\\phase-1-react-project\\react-project\\src\\components\\DisplayCustomers.tsx": {"path":"C:\\Users\\ssalva\\OneDrive - Automatic Data Processing Inc\\Desktop\\phase-1-react-project\\react-project\\src\\components\\DisplayCustomers.tsx","all":false,"statementMap":{"0":{"start":{"line":1,"column":0},"end":{"line":1,"column":51}},"1":{"start":{"line":2,"column":0},"end":{"line":2,"column":58}},"2":{"start":{"line":3,"column":0},"end":{"line":3,"column":57}},"3":{"start":{"line":4,"column":0},"end":{"line":4,"column":32}},"12":{"start":{"line":13,"column":0},"end":{"line":13,"column":119}},"13":{"start":{"line":14,"column":0},"end":{"line":14,"column":32}},"15":{"start":{"line":16,"column":0},"end":{"line":16,"column":79}},"16":{"start":{"line":17,"column":0},"end":{"line":17,"column":77}},"17":{"start":{"line":18,"column":0},"end":{"line":18,"column":39}},"38":{"start":{"line":39,"column":0},"end":{"line":39,"column":9}},"39":{"start":{"line":40,"column":0},"end":{"line":40,"column":7}},"40":{"start":{"line":41,"column":0},"end":{"line":41,"column":57}},"41":{"start":{"line":42,"column":0},"end":{"line":42,"column":66}},"42":{"start":{"line":43,"column":0},"end":{"line":43,"column":11}},"43":{"start":{"line":44,"column":0},"end":{"line":44,"column":9}},"44":{"start":{"line":45,"column":0},"end":{"line":45,"column":17}},"45":{"start":{"line":46,"column":0},"end":{"line":46,"column":19}},"46":{"start":{"line":47,"column":0},"end":{"line":47,"column":20}},"47":{"start":{"line":48,"column":0},"end":{"line":48,"column":23}},"48":{"start":{"line":49,"column":0},"end":{"line":49,"column":10}},"49":{"start":{"line":50,"column":0},"end":{"line":50,"column":12}},"50":{"start":{"line":51,"column":0},"end":{"line":51,"column":11}},"51":{"start":{"line":52,"column":0},"end":{"line":52,"column":35}},"52":{"start":{"line":53,"column":0},"end":{"line":53,"column":58}},"53":{"start":{"line":54,"column":0},"end":{"line":54,"column":14}},"54":{"start":{"line":55,"column":0},"end":{"line":55,"column":54}},"55":{"start":{"line":56,"column":0},"end":{"line":56,"column":25}},"56":{"start":{"line":57,"column":0},"end":{"line":57,"column":52}},"57":{"start":{"line":58,"column":0},"end":{"line":58,"column":76}},"59":{"start":{"line":60,"column":0},"end":{"line":60,"column":30}},"60":{"start":{"line":61,"column":0},"end":{"line":61,"column":32}},"61":{"start":{"line":62,"column":0},"end":{"line":62,"column":33}},"62":{"start":{"line":63,"column":0},"end":{"line":63,"column":36}},"63":{"start":{"line":64,"column":0},"end":{"line":64,"column":12}},"65":{"start":{"line":66,"column":0},"end":{"line":66,"column":8}},"66":{"start":{"line":67,"column":0},"end":{"line":67,"column":12}},"67":{"start":{"line":68,"column":0},"end":{"line":68,"column":11}},"69":{"start":{"line":70,"column":0},"end":{"line":70,"column":10}},"70":{"start":{"line":71,"column":0},"end":{"line":71,"column":32}},"71":{"start":{"line":72,"column":0},"end":{"line":72,"column":20}},"72":{"start":{"line":73,"column":0},"end":{"line":73,"column":28}},"73":{"start":{"line":74,"column":0},"end":{"line":74,"column":54}},"74":{"start":{"line":75,"column":0},"end":{"line":75,"column":55}},"75":{"start":{"line":76,"column":0},"end":{"line":76,"column":13}},"76":{"start":{"line":77,"column":0},"end":{"line":77,"column":54}},"77":{"start":{"line":78,"column":0},"end":{"line":78,"column":56}},"78":{"start":{"line":79,"column":0},"end":{"line":79,"column":6}},"79":{"start":{"line":80,"column":0},"end":{"line":80,"column":6}},"81":{"start":{"line":82,"column":0},"end":{"line":82,"column":16}},"82":{"start":{"line":83,"column":0},"end":{"line":83,"column":12}},"84":{"start":{"line":85,"column":0},"end":{"line":85,"column":10}},"85":{"start":{"line":86,"column":0},"end":{"line":86,"column":35}},"86":{"start":{"line":87,"column":0},"end":{"line":87,"column":20}},"87":{"start":{"line":88,"column":0},"end":{"line":88,"column":28}},"88":{"start":{"line":89,"column":0},"end":{"line":89,"column":55}},"89":{"start":{"line":90,"column":0},"end":{"line":90,"column":6}},"90":{"start":{"line":91,"column":0},"end":{"line":91,"column":6}},"91":{"start":{"line":92,"column":0},"end":{"line":92,"column":32}},"92":{"start":{"line":93,"column":0},"end":{"line":93,"column":12}},"93":{"start":{"line":94,"column":0},"end":{"line":94,"column":69}},"94":{"start":{"line":95,"column":0},"end":{"line":95,"column":73}},"95":{"start":{"line":96,"column":0},"end":{"line":96,"column":18}},"97":{"start":{"line":98,"column":0},"end":{"line":98,"column":17}},"98":{"start":{"line":99,"column":0},"end":{"line":99,"column":12}},"99":{"start":{"line":100,"column":0},"end":{"line":100,"column":8}},"101":{"start":{"line":102,"column":0},"end":{"line":102,"column":2}},"103":{"start":{"line":104,"column":0},"end":{"line":104,"column":32}}},"s":{"0":1,"1":1,"2":1,"3":1,"12":1,"13":18,"15":18,"16":18,"17":18,"38":18,"39":18,"40":18,"41":18,"42":18,"43":18,"44":18,"45":18,"46":18,"47":18,"48":18,"49":18,"50":18,"51":18,"52":48,"53":48,"54":48,"55":48,"56":48,"57":48,"59":48,"60":48,"61":48,"62":48,"63":48,"65":18,"66":18,"67":18,"69":18,"70":18,"71":18,"72":2,"73":1,"74":1,"75":1,"76":1,"77":1,"78":1,"79":2,"81":18,"82":18,"84":18,"85":18,"86":18,"87":1,"88":1,"89":1,"90":1,"91":18,"92":18,"93":18,"94":18,"95":18,"97":18,"98":18,"99":18,"101":18,"103":1},"branchMap":{"0":{"type":"branch","line":13,"loc":{"start":{"line":13,"column":89},"end":{"line":102,"column":2}},"locations":[{"start":{"line":13,"column":89},"end":{"line":102,"column":2}}]},"1":{"type":"branch","line":17,"loc":{"start":{"line":17,"column":23},"end":{"line":17,"column":62}},"locations":[{"start":{"line":17,"column":23},"end":{"line":17,"column":62}}]},"2":{"type":"branch","line":17,"loc":{"start":{"line":17,"column":42},"end":{"line":17,"column":77}},"locations":[{"start":{"line":17,"column":42},"end":{"line":17,"column":77}}]},"3":{"type":"branch","line":94,"loc":{"start":{"line":94,"column":38},"end":{"line":94,"column":66}},"locations":[{"start":{"line":94,"column":38},"end":{"line":94,"column":66}}]},"4":{"type":"branch","line":94,"loc":{"start":{"line":94,"column":57},"end":{"line":94,"column":69}},"locations":[{"start":{"line":94,"column":57},"end":{"line":94,"column":69}}]},"5":{"type":"branch","line":95,"loc":{"start":{"line":95,"column":29},"end":{"line":95,"column":64}},"locations":[{"start":{"line":95,"column":29},"end":{"line":95,"column":64}}]},"6":{"type":"branch","line":95,"loc":{"start":{"line":95,"column":48},"end":{"line":95,"column":73}},"locations":[{"start":{"line":95,"column":48},"end":{"line":95,"column":73}}]},"7":{"type":"branch","line":52,"loc":{"start":{"line":52,"column":20},"end":{"line":66,"column":6}},"locations":[{"start":{"line":52,"column":20},"end":{"line":66,"column":6}}]},"8":{"type":"branch","line":57,"loc":{"start":{"line":57,"column":19},"end":{"line":57,"column":49}},"locations":[{"start":{"line":57,"column":19},"end":{"line":57,"column":49}}]},"9":{"type":"branch","line":57,"loc":{"start":{"line":57,"column":32},"end":{"line":57,"column":52}},"locations":[{"start":{"line":57,"column":32},"end":{"line":57,"column":52}}]},"10":{"type":"branch","line":58,"loc":{"start":{"line":58,"column":17},"end":{"line":58,"column":76}},"locations":[{"start":{"line":58,"column":17},"end":{"line":58,"column":76}}]},"11":{"type":"branch","line":58,"loc":{"start":{"line":58,"column":43},"end":{"line":58,"column":63}},"locations":[{"start":{"line":58,"column":43},"end":{"line":58,"column":63}}]},"12":{"type":"branch","line":58,"loc":{"start":{"line":58,"column":56},"end":{"line":58,"column":74}},"locations":[{"start":{"line":58,"column":56},"end":{"line":58,"column":74}}]},"13":{"type":"branch","line":72,"loc":{"start":{"line":72,"column":13},"end":{"line":80,"column":6}},"locations":[{"start":{"line":72,"column":13},"end":{"line":80,"column":6}}]},"14":{"type":"branch","line":73,"loc":{"start":{"line":73,"column":27},"end":{"line":79,"column":6}},"locations":[{"start":{"line":73,"column":27},"end":{"line":79,"column":6}}]},"15":{"type":"branch","line":87,"loc":{"start":{"line":87,"column":13},"end":{"line":91,"column":6}},"locations":[{"start":{"line":87,"column":13},"end":{"line":91,"column":6}}]}},"b":{"0":[18],"1":[3],"2":[15],"3":[15],"4":[3],"5":[15],"6":[3],"7":[48],"8":[3],"9":[45],"10":[4],"11":[1],"12":[3],"13":[2],"14":[1],"15":[1]},"fnMap":{"0":{"name":"DisplayCustomers","decl":{"start":{"line":13,"column":89},"end":{"line":102,"column":2}},"loc":{"start":{"line":13,"column":89},"end":{"line":102,"column":2}},"line":13},"1":{"name":"onClick","decl":{"start":{"line":58,"column":17},"end":{"line":58,"column":76}},"loc":{"start":{"line":58,"column":17},"end":{"line":58,"column":76}},"line":58},"2":{"name":"onClick","decl":{"start":{"line":72,"column":13},"end":{"line":80,"column":6}},"loc":{"start":{"line":72,"column":13},"end":{"line":80,"column":6}},"line":72},"3":{"name":"onClick","decl":{"start":{"line":87,"column":13},"end":{"line":91,"column":6}},"loc":{"start":{"line":87,"column":13},"end":{"line":91,"column":6}},"line":87}},"f":{"0":18,"1":4,"2":2,"3":1}}
,"C:\\Users\\ssalva\\OneDrive - Automatic Data Processing Inc\\Desktop\\phase-1-react-project\\react-project\\src\\components\\UpdateCustomer.tsx": {"path":"C:\\Users\\ssalva\\OneDrive - Automatic Data Processing Inc\\Desktop\\phase-1-react-project\\react-project\\src\\components\\UpdateCustomer.tsx","all":false,"statementMap":{"0":{"start":{"line":1,"column":0},"end":{"line":1,"column":51}},"1":{"start":{"line":2,"column":0},"end":{"line":2,"column":58}},"2":{"start":{"line":3,"column":0},"end":{"line":3,"column":30}},"4":{"start":{"line":5,"column":0},"end":{"line":5,"column":37}},"5":{"start":{"line":6,"column":0},"end":{"line":6,"column":35}},"6":{"start":{"line":7,"column":0},"end":{"line":7,"column":31}},"7":{"start":{"line":8,"column":0},"end":{"line":8,"column":34}},"8":{"start":{"line":9,"column":0},"end":{"line":9,"column":83}},"9":{"start":{"line":10,"column":0},"end":{"line":10,"column":118}},"10":{"start":{"line":11,"column":0},"end":{"line":11,"column":26}},"11":{"start":{"line":12,"column":0},"end":{"line":12,"column":22}},"12":{"start":{"line":13,"column":0},"end":{"line":13,"column":5}},"14":{"start":{"line":15,"column":0},"end":{"line":15,"column":21}},"15":{"start":{"line":16,"column":0},"end":{"line":16,"column":31}},"16":{"start":{"line":17,"column":0},"end":{"line":17,"column":42}},"17":{"start":{"line":18,"column":0},"end":{"line":18,"column":9}},"18":{"start":{"line":19,"column":0},"end":{"line":19,"column":27}},"20":{"start":{"line":21,"column":0},"end":{"line":21,"column":50}},"21":{"start":{"line":22,"column":0},"end":{"line":22,"column":27}},"22":{"start":{"line":23,"column":0},"end":{"line":23,"column":33}},"23":{"start":{"line":24,"column":0},"end":{"line":24,"column":27}},"24":{"start":{"line":25,"column":0},"end":{"line":25,"column":32}},"25":{"start":{"line":26,"column":0},"end":{"line":26,"column":34}},"26":{"start":{"line":27,"column":0},"end":{"line":27,"column":39}},"27":{"start":{"line":28,"column":0},"end":{"line":28,"column":10}},"28":{"start":{"line":29,"column":0},"end":{"line":29,"column":46}},"29":{"start":{"line":30,"column":0},"end":{"line":30,"column":22}},"30":{"start":{"line":31,"column":0},"end":{"line":31,"column":6}},"32":{"start":{"line":33,"column":0},"end":{"line":33,"column":11}},"33":{"start":{"line":34,"column":0},"end":{"line":34,"column":30}},"34":{"start":{"line":35,"column":0},"end":{"line":35,"column":106}},"35":{"start":{"line":36,"column":0},"end":{"line":36,"column":110}},"36":{"start":{"line":37,"column":0},"end":{"line":37,"column":21}},"37":{"start":{"line":38,"column":0},"end":{"line":38,"column":55}},"38":{"start":{"line":39,"column":0},"end":{"line":39,"column":26}},"39":{"start":{"line":40,"column":0},"end":{"line":40,"column":48}},"40":{"start":{"line":41,"column":0},"end":{"line":41,"column":35}},"41":{"start":{"line":42,"column":0},"end":{"line":42,"column":33}},"42":{"start":{"line":43,"column":0},"end":{"line":43,"column":53}},"43":{"start":{"line":44,"column":0},"end":{"line":44,"column":45}},"44":{"start":{"line":45,"column":0},"end":{"line":45,"column":90}},"45":{"start":{"line":46,"column":0},"end":{"line":46,"column":22}},"46":{"start":{"line":47,"column":0},"end":{"line":47,"column":22}},"47":{"start":{"line":48,"column":0},"end":{"line":48,"column":21}},"48":{"start":{"line":49,"column":0},"end":{"line":49,"column":57}},"49":{"start":{"line":50,"column":0},"end":{"line":50,"column":26}},"50":{"start":{"line":51,"column":0},"end":{"line":51,"column":49}},"51":{"start":{"line":52,"column":0},"end":{"line":52,"column":35}},"52":{"start":{"line":53,"column":0},"end":{"line":53,"column":34}},"53":{"start":{"line":54,"column":0},"end":{"line":54,"column":54}},"54":{"start":{"line":55,"column":0},"end":{"line":55,"column":46}},"55":{"start":{"line":56,"column":0},"end":{"line":56,"column":91}},"56":{"start":{"line":57,"column":0},"end":{"line":57,"column":22}},"57":{"start":{"line":58,"column":0},"end":{"line":58,"column":22}},"58":{"start":{"line":59,"column":0},"end":{"line":59,"column":21}},"59":{"start":{"line":60,"column":0},"end":{"line":60,"column":63}},"60":{"start":{"line":61,"column":0},"end":{"line":61,"column":26}},"61":{"start":{"line":62,"column":0},"end":{"line":62,"column":52}},"62":{"start":{"line":63,"column":0},"end":{"line":63,"column":35}},"63":{"start":{"line":64,"column":0},"end":{"line":64,"column":37}},"64":{"start":{"line":65,"column":0},"end":{"line":65,"column":57}},"65":{"start":{"line":66,"column":0},"end":{"line":66,"column":49}},"66":{"start":{"line":67,"column":0},"end":{"line":67,"column":94}},"67":{"start":{"line":68,"column":0},"end":{"line":68,"column":22}},"68":{"start":{"line":69,"column":0},"end":{"line":69,"column":22}},"69":{"start":{"line":70,"column":0},"end":{"line":70,"column":90}},"70":{"start":{"line":71,"column":0},"end":{"line":71,"column":19}},"71":{"start":{"line":72,"column":0},"end":{"line":72,"column":78}},"72":{"start":{"line":73,"column":0},"end":{"line":73,"column":14}},"74":{"start":{"line":75,"column":0},"end":{"line":75,"column":1}},"76":{"start":{"line":77,"column":0},"end":{"line":77,"column":30}}},"s":{"0":1,"1":1,"2":1,"4":26,"5":26,"6":26,"7":26,"8":26,"9":26,"10":26,"11":1,"12":1,"14":26,"15":12,"16":10,"17":10,"18":26,"20":26,"21":3,"22":3,"23":3,"24":3,"25":3,"26":3,"27":3,"28":3,"29":3,"30":3,"32":26,"33":26,"34":26,"35":26,"36":26,"37":26,"38":26,"39":26,"40":26,"41":26,"42":26,"43":26,"44":26,"45":26,"46":26,"47":26,"48":26,"49":26,"50":26,"51":26,"52":26,"53":26,"54":26,"55":26,"56":26,"57":26,"58":26,"59":26,"60":26,"61":26,"62":26,"63":26,"64":26,"65":26,"66":26,"67":26,"68":26,"69":26,"70":26,"71":26,"72":26,"74":26,"76":1},"branchMap":{"0":{"type":"branch","line":5,"loc":{"start":{"line":5,"column":0},"end":{"line":75,"column":1}},"locations":[{"start":{"line":5,"column":0},"end":{"line":75,"column":1}}]},"1":{"type":"branch","line":10,"loc":{"start":{"line":10,"column":45},"end":{"line":10,"column":116}},"locations":[{"start":{"line":10,"column":45},"end":{"line":10,"column":116}}]},"2":{"type":"branch","line":9,"loc":{"start":{"line":9,"column":50},"end":{"line":9,"column":81}},"locations":[{"start":{"line":9,"column":50},"end":{"line":9,"column":81}}]},"3":{"type":"branch","line":11,"loc":{"start":{"line":11,"column":19},"end":{"line":13,"column":5}},"locations":[{"start":{"line":11,"column":19},"end":{"line":13,"column":5}}]},"4":{"type":"branch","line":15,"loc":{"start":{"line":15,"column":14},"end":{"line":19,"column":7}},"locations":[{"start":{"line":15,"column":14},"end":{"line":19,"column":7}}]},"5":{"type":"branch","line":16,"loc":{"start":{"line":16,"column":30},"end":{"line":18,"column":9}},"locations":[{"start":{"line":16,"column":30},"end":{"line":18,"column":9}}]},"6":{"type":"branch","line":21,"loc":{"start":{"line":21,"column":25},"end":{"line":31,"column":6}},"locations":[{"start":{"line":21,"column":25},"end":{"line":31,"column":6}}]},"7":{"type":"branch","line":45,"loc":{"start":{"line":45,"column":34},"end":{"line":45,"column":90}},"locations":[{"start":{"line":45,"column":34},"end":{"line":45,"column":90}}]},"8":{"type":"branch","line":56,"loc":{"start":{"line":56,"column":34},"end":{"line":56,"column":91}},"locations":[{"start":{"line":56,"column":34},"end":{"line":56,"column":91}}]},"9":{"type":"branch","line":67,"loc":{"start":{"line":67,"column":34},"end":{"line":67,"column":94}},"locations":[{"start":{"line":67,"column":34},"end":{"line":67,"column":94}}]}},"b":{"0":[26],"1":[2],"2":[33],"3":[1],"4":[12],"5":[10],"6":[3],"7":[4],"8":[2],"9":[2]},"fnMap":{"0":{"name":"UpdateCustomer","decl":{"start":{"line":5,"column":0},"end":{"line":75,"column":1}},"loc":{"start":{"line":5,"column":0},"end":{"line":75,"column":1}},"line":5},"1":{"name":"cancel","decl":{"start":{"line":11,"column":19},"end":{"line":13,"column":5}},"loc":{"start":{"line":11,"column":19},"end":{"line":13,"column":5}},"line":11},"2":{"name":"handleSubmit","decl":{"start":{"line":21,"column":25},"end":{"line":31,"column":6}},"loc":{"start":{"line":21,"column":25},"end":{"line":31,"column":6}},"line":21},"3":{"name":"onChange","decl":{"start":{"line":45,"column":34},"end":{"line":45,"column":90}},"loc":{"start":{"line":45,"column":34},"end":{"line":45,"column":90}},"line":45},"4":{"name":"onChange","decl":{"start":{"line":56,"column":34},"end":{"line":56,"column":91}},"loc":{"start":{"line":56,"column":34},"end":{"line":56,"column":91}},"line":56},"5":{"name":"onChange","decl":{"start":{"line":67,"column":34},"end":{"line":67,"column":94}},"loc":{"start":{"line":67,"column":34},"end":{"line":67,"column":94}},"line":67}},"f":{"0":26,"1":1,"2":3,"3":4,"4":2,"5":2}}
}
