{"C:\\phase-1-react-project\\phase-1-react-project\\react-project\\src\\components\\AddCustomer.tsx": {"path":"C:\\phase-1-react-project\\phase-1-react-project\\react-project\\src\\components\\AddCustomer.tsx","all":false,"statementMap":{"0":{"start":{"line":1,"column":0},"end":{"line":1,"column":40}},"1":{"start":{"line":2,"column":0},"end":{"line":2,"column":58}},"2":{"start":{"line":3,"column":0},"end":{"line":3,"column":57}},"3":{"start":{"line":4,"column":0},"end":{"line":4,"column":27}},"5":{"start":{"line":6,"column":0},"end":{"line":6,"column":24}},"6":{"start":{"line":7,"column":0},"end":{"line":7,"column":31}},"7":{"start":{"line":8,"column":0},"end":{"line":8,"column":92}},"8":{"start":{"line":9,"column":0},"end":{"line":9,"column":35}},"9":{"start":{"line":10,"column":0},"end":{"line":10,"column":26}},"10":{"start":{"line":11,"column":0},"end":{"line":11,"column":22}},"11":{"start":{"line":12,"column":0},"end":{"line":12,"column":6}},"12":{"start":{"line":13,"column":0},"end":{"line":13,"column":50}},"13":{"start":{"line":14,"column":0},"end":{"line":14,"column":27}},"15":{"start":{"line":16,"column":0},"end":{"line":16,"column":29}},"16":{"start":{"line":17,"column":0},"end":{"line":17,"column":55}},"17":{"start":{"line":18,"column":0},"end":{"line":18,"column":32}},"18":{"start":{"line":19,"column":0},"end":{"line":19,"column":34}},"19":{"start":{"line":20,"column":0},"end":{"line":20,"column":39}},"20":{"start":{"line":21,"column":0},"end":{"line":21,"column":10}},"21":{"start":{"line":22,"column":0},"end":{"line":22,"column":32}},"22":{"start":{"line":23,"column":0},"end":{"line":23,"column":69}},"23":{"start":{"line":24,"column":0},"end":{"line":24,"column":6}},"24":{"start":{"line":25,"column":0},"end":{"line":25,"column":12}},"25":{"start":{"line":26,"column":0},"end":{"line":26,"column":35}},"26":{"start":{"line":27,"column":0},"end":{"line":27,"column":97}},"27":{"start":{"line":28,"column":0},"end":{"line":28,"column":72}},"28":{"start":{"line":29,"column":0},"end":{"line":29,"column":44}},"29":{"start":{"line":30,"column":0},"end":{"line":30,"column":73}},"30":{"start":{"line":31,"column":0},"end":{"line":31,"column":26}},"31":{"start":{"line":32,"column":0},"end":{"line":32,"column":41}},"32":{"start":{"line":33,"column":0},"end":{"line":33,"column":35}},"33":{"start":{"line":34,"column":0},"end":{"line":34,"column":33}},"34":{"start":{"line":35,"column":0},"end":{"line":35,"column":42}},"35":{"start":{"line":36,"column":0},"end":{"line":36,"column":45}},"36":{"start":{"line":37,"column":0},"end":{"line":37,"column":92}},"37":{"start":{"line":38,"column":0},"end":{"line":38,"column":32}},"38":{"start":{"line":39,"column":0},"end":{"line":39,"column":22}},"39":{"start":{"line":40,"column":0},"end":{"line":40,"column":22}},"40":{"start":{"line":41,"column":0},"end":{"line":41,"column":44}},"41":{"start":{"line":42,"column":0},"end":{"line":42,"column":75}},"42":{"start":{"line":43,"column":0},"end":{"line":43,"column":26}},"43":{"start":{"line":44,"column":0},"end":{"line":44,"column":41}},"44":{"start":{"line":45,"column":0},"end":{"line":45,"column":36}},"45":{"start":{"line":46,"column":0},"end":{"line":46,"column":34}},"46":{"start":{"line":47,"column":0},"end":{"line":47,"column":43}},"47":{"start":{"line":48,"column":0},"end":{"line":48,"column":46}},"48":{"start":{"line":49,"column":0},"end":{"line":49,"column":93}},"49":{"start":{"line":50,"column":0},"end":{"line":50,"column":32}},"50":{"start":{"line":51,"column":0},"end":{"line":51,"column":22}},"51":{"start":{"line":52,"column":0},"end":{"line":52,"column":22}},"52":{"start":{"line":53,"column":0},"end":{"line":53,"column":44}},"53":{"start":{"line":54,"column":0},"end":{"line":54,"column":81}},"54":{"start":{"line":55,"column":0},"end":{"line":55,"column":26}},"55":{"start":{"line":56,"column":0},"end":{"line":56,"column":41}},"56":{"start":{"line":57,"column":0},"end":{"line":57,"column":39}},"57":{"start":{"line":58,"column":0},"end":{"line":58,"column":37}},"58":{"start":{"line":59,"column":0},"end":{"line":59,"column":46}},"59":{"start":{"line":60,"column":0},"end":{"line":60,"column":49}},"60":{"start":{"line":61,"column":0},"end":{"line":61,"column":96}},"61":{"start":{"line":62,"column":0},"end":{"line":62,"column":32}},"62":{"start":{"line":63,"column":0},"end":{"line":63,"column":22}},"63":{"start":{"line":64,"column":0},"end":{"line":64,"column":22}},"64":{"start":{"line":65,"column":0},"end":{"line":65,"column":78}},"65":{"start":{"line":66,"column":0},"end":{"line":66,"column":19}},"66":{"start":{"line":67,"column":0},"end":{"line":67,"column":78}},"67":{"start":{"line":68,"column":0},"end":{"line":68,"column":14}},"69":{"start":{"line":70,"column":0},"end":{"line":70,"column":1}},"71":{"start":{"line":72,"column":0},"end":{"line":72,"column":27}}},"s":{"0":1,"1":1,"2":1,"3":1,"5":9,"6":9,"7":9,"8":9,"9":9,"10":1,"11":1,"12":9,"13":1,"15":1,"16":1,"17":1,"18":1,"19":1,"20":1,"21":1,"22":1,"23":1,"24":9,"25":9,"26":9,"27":9,"28":9,"29":9,"30":9,"31":9,"32":9,"33":9,"34":9,"35":9,"36":9,"37":9,"38":9,"39":9,"40":9,"41":9,"42":9,"43":9,"44":9,"45":9,"46":9,"47":9,"48":9,"49":9,"50":9,"51":9,"52":9,"53":9,"54":9,"55":9,"56":9,"57":9,"58":9,"59":9,"60":9,"61":9,"62":9,"63":9,"64":9,"65":9,"66":9,"67":9,"69":9,"71":1},"branchMap":{"0":{"type":"branch","line":6,"loc":{"start":{"line":6,"column":0},"end":{"line":70,"column":1}},"locations":[{"start":{"line":6,"column":0},"end":{"line":70,"column":1}}]},"1":{"type":"branch","line":10,"loc":{"start":{"line":10,"column":19},"end":{"line":12,"column":6}},"locations":[{"start":{"line":10,"column":19},"end":{"line":12,"column":6}}]},"2":{"type":"branch","line":13,"loc":{"start":{"line":13,"column":25},"end":{"line":24,"column":6}},"locations":[{"start":{"line":13,"column":25},"end":{"line":24,"column":6}}]},"3":{"type":"branch","line":37,"loc":{"start":{"line":37,"column":34},"end":{"line":37,"column":92}},"locations":[{"start":{"line":37,"column":34},"end":{"line":37,"column":92}}]},"4":{"type":"branch","line":49,"loc":{"start":{"line":49,"column":34},"end":{"line":49,"column":93}},"locations":[{"start":{"line":49,"column":34},"end":{"line":49,"column":93}}]},"5":{"type":"branch","line":61,"loc":{"start":{"line":61,"column":34},"end":{"line":61,"column":96}},"locations":[{"start":{"line":61,"column":34},"end":{"line":61,"column":96}}]}},"b":{"0":[9],"1":[1],"2":[1],"3":[2],"4":[2],"5":[2]},"fnMap":{"0":{"name":"AddCustomer","decl":{"start":{"line":6,"column":0},"end":{"line":70,"column":1}},"loc":{"start":{"line":6,"column":0},"end":{"line":70,"column":1}},"line":6},"1":{"name":"cancel","decl":{"start":{"line":10,"column":19},"end":{"line":12,"column":6}},"loc":{"start":{"line":10,"column":19},"end":{"line":12,"column":6}},"line":10},"2":{"name":"handleSubmit","decl":{"start":{"line":13,"column":25},"end":{"line":24,"column":6}},"loc":{"start":{"line":13,"column":25},"end":{"line":24,"column":6}},"line":13},"3":{"name":"onChange","decl":{"start":{"line":37,"column":34},"end":{"line":37,"column":92}},"loc":{"start":{"line":37,"column":34},"end":{"line":37,"column":92}},"line":37},"4":{"name":"onChange","decl":{"start":{"line":49,"column":34},"end":{"line":49,"column":93}},"loc":{"start":{"line":49,"column":34},"end":{"line":49,"column":93}},"line":49},"5":{"name":"onChange","decl":{"start":{"line":61,"column":34},"end":{"line":61,"column":96}},"loc":{"start":{"line":61,"column":34},"end":{"line":61,"column":96}},"line":61}},"f":{"0":9,"1":1,"2":1,"3":2,"4":2,"5":2}}
,"C:\\phase-1-react-project\\phase-1-react-project\\react-project\\src\\components\\DisplayCustomers.tsx": {"path":"C:\\phase-1-react-project\\phase-1-react-project\\react-project\\src\\components\\DisplayCustomers.tsx","all":false,"statementMap":{"0":{"start":{"line":1,"column":0},"end":{"line":1,"column":51}},"1":{"start":{"line":2,"column":0},"end":{"line":2,"column":58}},"2":{"start":{"line":3,"column":0},"end":{"line":3,"column":57}},"3":{"start":{"line":4,"column":0},"end":{"line":4,"column":32}},"12":{"start":{"line":13,"column":0},"end":{"line":13,"column":48}},"13":{"start":{"line":14,"column":0},"end":{"line":14,"column":32}},"14":{"start":{"line":15,"column":0},"end":{"line":15,"column":80}},"15":{"start":{"line":16,"column":0},"end":{"line":16,"column":75}},"16":{"start":{"line":17,"column":0},"end":{"line":17,"column":83}},"17":{"start":{"line":18,"column":0},"end":{"line":18,"column":39}},"27":{"start":{"line":28,"column":0},"end":{"line":28,"column":21}},"28":{"start":{"line":29,"column":0},"end":{"line":29,"column":55}},"29":{"start":{"line":30,"column":0},"end":{"line":30,"column":27}},"30":{"start":{"line":31,"column":0},"end":{"line":31,"column":11}},"32":{"start":{"line":33,"column":0},"end":{"line":33,"column":9}},"33":{"start":{"line":34,"column":0},"end":{"line":34,"column":7}},"34":{"start":{"line":35,"column":0},"end":{"line":35,"column":57}},"35":{"start":{"line":36,"column":0},"end":{"line":36,"column":37}},"36":{"start":{"line":37,"column":0},"end":{"line":37,"column":11}},"37":{"start":{"line":38,"column":0},"end":{"line":38,"column":9}},"38":{"start":{"line":39,"column":0},"end":{"line":39,"column":17}},"39":{"start":{"line":40,"column":0},"end":{"line":40,"column":19}},"40":{"start":{"line":41,"column":0},"end":{"line":41,"column":20}},"41":{"start":{"line":42,"column":0},"end":{"line":42,"column":23}},"42":{"start":{"line":43,"column":0},"end":{"line":43,"column":10}},"43":{"start":{"line":44,"column":0},"end":{"line":44,"column":12}},"44":{"start":{"line":45,"column":0},"end":{"line":45,"column":11}},"45":{"start":{"line":46,"column":0},"end":{"line":46,"column":35}},"46":{"start":{"line":47,"column":0},"end":{"line":47,"column":58}},"47":{"start":{"line":48,"column":0},"end":{"line":48,"column":14}},"48":{"start":{"line":49,"column":0},"end":{"line":49,"column":10}},"49":{"start":{"line":50,"column":0},"end":{"line":50,"column":25}},"50":{"start":{"line":51,"column":0},"end":{"line":51,"column":52}},"51":{"start":{"line":52,"column":0},"end":{"line":52,"column":74}},"53":{"start":{"line":54,"column":0},"end":{"line":54,"column":30}},"54":{"start":{"line":55,"column":0},"end":{"line":55,"column":32}},"55":{"start":{"line":56,"column":0},"end":{"line":56,"column":33}},"56":{"start":{"line":57,"column":0},"end":{"line":57,"column":36}},"57":{"start":{"line":58,"column":0},"end":{"line":58,"column":12}},"59":{"start":{"line":60,"column":0},"end":{"line":60,"column":8}},"60":{"start":{"line":61,"column":0},"end":{"line":61,"column":12}},"61":{"start":{"line":62,"column":0},"end":{"line":62,"column":11}},"63":{"start":{"line":64,"column":0},"end":{"line":64,"column":10}},"64":{"start":{"line":65,"column":0},"end":{"line":65,"column":32}},"65":{"start":{"line":66,"column":0},"end":{"line":66,"column":20}},"66":{"start":{"line":67,"column":0},"end":{"line":67,"column":34}},"67":{"start":{"line":68,"column":0},"end":{"line":68,"column":54}},"68":{"start":{"line":69,"column":0},"end":{"line":69,"column":55}},"69":{"start":{"line":70,"column":0},"end":{"line":70,"column":13}},"70":{"start":{"line":71,"column":0},"end":{"line":71,"column":54}},"71":{"start":{"line":72,"column":0},"end":{"line":72,"column":56}},"72":{"start":{"line":73,"column":0},"end":{"line":73,"column":6}},"73":{"start":{"line":74,"column":0},"end":{"line":74,"column":6}},"75":{"start":{"line":76,"column":0},"end":{"line":76,"column":16}},"76":{"start":{"line":77,"column":0},"end":{"line":77,"column":12}},"78":{"start":{"line":79,"column":0},"end":{"line":79,"column":10}},"79":{"start":{"line":80,"column":0},"end":{"line":80,"column":35}},"80":{"start":{"line":81,"column":0},"end":{"line":81,"column":20}},"81":{"start":{"line":82,"column":0},"end":{"line":82,"column":34}},"82":{"start":{"line":83,"column":0},"end":{"line":83,"column":54}},"83":{"start":{"line":84,"column":0},"end":{"line":84,"column":55}},"84":{"start":{"line":85,"column":0},"end":{"line":85,"column":13}},"85":{"start":{"line":86,"column":0},"end":{"line":86,"column":54}},"86":{"start":{"line":87,"column":0},"end":{"line":87,"column":6}},"87":{"start":{"line":88,"column":0},"end":{"line":88,"column":6}},"88":{"start":{"line":89,"column":0},"end":{"line":89,"column":37}},"89":{"start":{"line":90,"column":0},"end":{"line":90,"column":12}},"90":{"start":{"line":91,"column":0},"end":{"line":91,"column":59}},"91":{"start":{"line":92,"column":0},"end":{"line":92,"column":63}},"92":{"start":{"line":93,"column":0},"end":{"line":93,"column":6}},"94":{"start":{"line":95,"column":0},"end":{"line":95,"column":17}},"95":{"start":{"line":96,"column":0},"end":{"line":96,"column":12}},"96":{"start":{"line":97,"column":0},"end":{"line":97,"column":8}},"98":{"start":{"line":99,"column":0},"end":{"line":99,"column":2}},"100":{"start":{"line":101,"column":0},"end":{"line":101,"column":32}}},"s":{"0":1,"1":1,"2":1,"3":1,"12":1,"13":20,"14":20,"15":20,"16":20,"17":20,"27":20,"28":7,"29":7,"30":20,"32":20,"33":20,"34":20,"35":20,"36":20,"37":20,"38":20,"39":20,"40":20,"41":20,"42":20,"43":20,"44":20,"45":20,"46":35,"47":35,"48":35,"49":35,"50":35,"51":35,"53":35,"54":35,"55":35,"56":35,"57":35,"59":20,"60":20,"61":20,"63":20,"64":20,"65":20,"66":4,"67":1,"68":1,"69":4,"70":3,"71":3,"72":3,"73":4,"75":20,"76":20,"78":20,"79":20,"80":20,"81":1,"82":1,"83":1,"84":1,"85":0,"86":0,"87":1,"88":20,"89":20,"90":20,"91":20,"92":20,"94":20,"95":20,"96":20,"98":20,"100":1},"branchMap":{"0":{"type":"branch","line":13,"loc":{"start":{"line":13,"column":39},"end":{"line":99,"column":2}},"locations":[{"start":{"line":13,"column":39},"end":{"line":99,"column":2}}]},"1":{"type":"branch","line":17,"loc":{"start":{"line":17,"column":43},"end":{"line":17,"column":68}},"locations":[{"start":{"line":17,"column":43},"end":{"line":17,"column":68}}]},"2":{"type":"branch","line":17,"loc":{"start":{"line":17,"column":48},"end":{"line":17,"column":83}},"locations":[{"start":{"line":17,"column":48},"end":{"line":17,"column":83}}]},"3":{"type":"branch","line":91,"loc":{"start":{"line":91,"column":42},"end":{"line":91,"column":56}},"locations":[{"start":{"line":91,"column":42},"end":{"line":91,"column":56}}]},"4":{"type":"branch","line":91,"loc":{"start":{"line":91,"column":47},"end":{"line":91,"column":59}},"locations":[{"start":{"line":91,"column":47},"end":{"line":91,"column":59}}]},"5":{"type":"branch","line":92,"loc":{"start":{"line":92,"column":33},"end":{"line":92,"column":54}},"locations":[{"start":{"line":92,"column":33},"end":{"line":92,"column":54}}]},"6":{"type":"branch","line":92,"loc":{"start":{"line":92,"column":38},"end":{"line":92,"column":63}},"locations":[{"start":{"line":92,"column":38},"end":{"line":92,"column":63}}]},"7":{"type":"branch","line":28,"loc":{"start":{"line":28,"column":14},"end":{"line":31,"column":7}},"locations":[{"start":{"line":28,"column":14},"end":{"line":31,"column":7}}]},"8":{"type":"branch","line":46,"loc":{"start":{"line":46,"column":20},"end":{"line":60,"column":6}},"locations":[{"start":{"line":46,"column":20},"end":{"line":60,"column":6}}]},"9":{"type":"branch","line":51,"loc":{"start":{"line":51,"column":19},"end":{"line":51,"column":49}},"locations":[{"start":{"line":51,"column":19},"end":{"line":51,"column":49}}]},"10":{"type":"branch","line":51,"loc":{"start":{"line":51,"column":32},"end":{"line":51,"column":52}},"locations":[{"start":{"line":51,"column":32},"end":{"line":51,"column":52}}]},"11":{"type":"branch","line":52,"loc":{"start":{"line":52,"column":17},"end":{"line":52,"column":74}},"locations":[{"start":{"line":52,"column":17},"end":{"line":52,"column":74}}]},"12":{"type":"branch","line":52,"loc":{"start":{"line":52,"column":43},"end":{"line":52,"column":61}},"locations":[{"start":{"line":52,"column":43},"end":{"line":52,"column":61}}]},"13":{"type":"branch","line":52,"loc":{"start":{"line":52,"column":56},"end":{"line":52,"column":72}},"locations":[{"start":{"line":52,"column":56},"end":{"line":52,"column":72}}]},"14":{"type":"branch","line":66,"loc":{"start":{"line":66,"column":13},"end":{"line":74,"column":6}},"locations":[{"start":{"line":66,"column":13},"end":{"line":74,"column":6}}]},"15":{"type":"branch","line":67,"loc":{"start":{"line":67,"column":33},"end":{"line":70,"column":12}},"locations":[{"start":{"line":67,"column":33},"end":{"line":70,"column":12}}]},"16":{"type":"branch","line":70,"loc":{"start":{"line":70,"column":5},"end":{"line":73,"column":6}},"locations":[{"start":{"line":70,"column":5},"end":{"line":73,"column":6}}]},"17":{"type":"branch","line":81,"loc":{"start":{"line":81,"column":13},"end":{"line":88,"column":6}},"locations":[{"start":{"line":81,"column":13},"end":{"line":88,"column":6}}]},"18":{"type":"branch","line":85,"loc":{"start":{"line":85,"column":5},"end":{"line":87,"column":6}},"locations":[{"start":{"line":85,"column":5},"end":{"line":87,"column":6}}]}},"b":{"0":[20],"1":[4],"2":[16],"3":[16],"4":[4],"5":[16],"6":[4],"7":[7],"8":[35],"9":[4],"10":[31],"11":[6],"12":[2],"13":[4],"14":[4],"15":[1],"16":[3],"17":[1],"18":[0]},"fnMap":{"0":{"name":"DisplayCustomers","decl":{"start":{"line":13,"column":39},"end":{"line":99,"column":2}},"loc":{"start":{"line":13,"column":39},"end":{"line":99,"column":2}},"line":13},"1":{"name":"onClick","decl":{"start":{"line":52,"column":17},"end":{"line":52,"column":74}},"loc":{"start":{"line":52,"column":17},"end":{"line":52,"column":74}},"line":52},"2":{"name":"onClick","decl":{"start":{"line":66,"column":13},"end":{"line":74,"column":6}},"loc":{"start":{"line":66,"column":13},"end":{"line":74,"column":6}},"line":66},"3":{"name":"onClick","decl":{"start":{"line":81,"column":13},"end":{"line":88,"column":6}},"loc":{"start":{"line":81,"column":13},"end":{"line":88,"column":6}},"line":81}},"f":{"0":20,"1":6,"2":4,"3":1}}
}
